<?xml version="1.0" encoding="UTF-8"?>
<testng-results ignored="0" total="1" passed="1" failed="0" skipped="0">
  <reporter-output>
  </reporter-output>
  <suite started-at="2023-05-07T01:30:23 IST" name="Default suite" finished-at="2023-05-07T01:30:39 IST" duration-ms="15404">
    <groups>
    </groups>
    <test started-at="2023-05-07T01:30:23 IST" name="Default test" finished-at="2023-05-07T01:30:39 IST" duration-ms="15404">
      <class name="ecommerece.ecomtest.LoginTest">
        <test-method is-config="true" signature="beforeClass(java.lang.String)[pri:0, instance:ecommerece.ecomtest.LoginTest@49049a04]" started-at="2023-05-07T01:30:24 IST" name="beforeClass" finished-at="2023-05-07T01:30:26 IST" duration-ms="2828" status="PASS">
          <params>
            <param index="0">
              <value>
                <![CDATA[chrome]]>
              </value>
            </param>
          </params>
          <reporter-output>
          </reporter-output>
        </test-method> <!-- beforeClass -->
        <test-method is-config="true" signature="initialize()[pri:0, instance:ecommerece.ecomtest.LoginTest@49049a04]" started-at="2023-05-07T01:30:26 IST" name="initialize" finished-at="2023-05-07T01:30:29 IST" duration-ms="2965" status="PASS">
          <reporter-output>
          </reporter-output>
        </test-method> <!-- initialize -->
        <test-method signature="loginValidation()[pri:0, instance:ecommerece.ecomtest.LoginTest@49049a04]" started-at="2023-05-07T01:30:29 IST" name="loginValidation" finished-at="2023-05-07T01:30:38 IST" duration-ms="8881" status="PASS">
          <reporter-output>
          </reporter-output>
        </test-method> <!-- loginValidation -->
        <test-method is-config="true" signature="tearClass()[pri:0, instance:ecommerece.ecomtest.LoginTest@49049a04]" started-at="2023-05-07T01:30:38 IST" name="tearClass" finished-at="2023-05-07T01:30:39 IST" duration-ms="674" status="PASS">
          <reporter-output>
          </reporter-output>
        </test-method> <!-- tearClass -->
      </class> <!-- ecommerece.ecomtest.LoginTest -->
    </test> <!-- Default test -->
  </suite> <!-- Default suite -->
</testng-results>
